Построение начато 01.12.2017 18:47:39.
     1>Проект "C:\Users\lite\Desktop\cpart2\cpart2\cpart2.vcxproj" в узле 2 (целевые объекты build).
     1>InitializeBuildStatus:
         Создание "Debug\cpart2.unsuccessfulbuild", так как было задано "AlwaysCreate".
       ClCompile:
         Для всех выходных данных обновления не требуется.
         C:\Program Files (x86)\Microsoft Visual Studio 10.0\VC\bin\CL.exe /c /IC:\Users\lite\Desktop\cpart2 /ZI /nologo /W3 /WX- /Od /Oy- /D WIN32 /D _DEBUG /D _CONSOLE /D _UNICODE /D UNICODE /Gm /EHsc /RTC1 /MDd /GS /fp:precise /Zc:wchar_t /Zc:forScope /Yu"StdAfx.h" /Fp"Debug\cpart2.pch" /Fo"Debug\\" /Fd"Debug\vc100.pdb" /Gd /TP /analyze- /errorReport:prompt cpart2.cpp
         cpart2.cpp
       Link:
         C:\Program Files (x86)\Microsoft Visual Studio 10.0\VC\bin\link.exe /ERRORREPORT:PROMPT /OUT:"C:\Users\lite\Desktop\cpart2\Debug\cpart2.exe" /INCREMENTAL:NO /NOLOGO kernel32.lib user32.lib gdi32.lib winspool.lib comdlg32.lib advapi32.lib shell32.lib ole32.lib oleaut32.lib uuid.lib odbc32.lib odbccp32.lib /MANIFEST /ManifestFile:"Debug\cpart2.exe.intermediate.manifest" /MANIFESTUAC:"level='asInvoker' uiAccess='false'" /DEBUG /PDB:"C:\Users\lite\Desktop\cpart2\Debug\cpart2.pdb" /SUBSYSTEM:CONSOLE /TLBID:1 /DYNAMICBASE /NXCOMPAT /IMPLIB:"C:\Users\lite\Desktop\cpart2\Debug\cpart2.lib" /MACHINE:X86 Debug\cpart2.obj
         Debug\stdafx.obj
     1>cpart2.obj : warning LNK4075: не учитывается "/EDITANDCONTINUE" из-за спецификации "/INCREMENTAL:NO"
         cpart2.vcxproj -> C:\Users\lite\Desktop\cpart2\Debug\cpart2.exe
       Manifest:
         C:\Program Files (x86)\Microsoft SDKs\Windows\v7.0A\bin\mt.exe /nologo /verbose /outputresource:"C:\Users\lite\Desktop\cpart2\Debug\cpart2.exe;#1" /manifest Debug\cpart2.exe.intermediate.manifest
       FinalizeBuildStatus:
         Файл "Debug\cpart2.unsuccessfulbuild" удаляется.
         Обращение к "Debug\cpart2.lastbuildstate".
     1>Построение проекта "C:\Users\lite\Desktop\cpart2\cpart2\cpart2.vcxproj" завершено (целевые объекты build).

Построение успешно завершено.

Затраченное время: 00:00:02.67
